2025-07-11 07:45:14,251 INFO Scheduler started
2025-07-11 07:45:14,258 INFO Starting backend service
2025-07-11 07:45:14,259 INFO Outlook COM cache rebuilt successfully.
2025-07-11 07:45:22,393 INFO → OPTIONS /user-config
2025-07-11 07:45:22,393 INFO → Origin header: http://localhost:5173
2025-07-11 07:45:22,394 INFO ← OPTIONS /user-config completed in 0.36ms with status 200
2025-07-11 07:45:22,396 INFO → OPTIONS /user-config
2025-07-11 07:45:22,396 INFO → Origin header: http://localhost:5173
2025-07-11 07:45:22,397 INFO ← OPTIONS /user-config completed in 0.18ms with status 200
2025-07-11 07:45:22,398 INFO → GET /config
2025-07-11 07:45:22,398 INFO → Origin header: http://localhost:5173
2025-07-11 07:45:22,400 INFO ← GET /config completed in 1.37ms with status 200
2025-07-11 07:45:22,402 INFO → GET /health/outlook
2025-07-11 07:45:22,402 INFO → Origin header: http://localhost:5173
2025-07-11 07:45:22,412 INFO Health check: outlook OK
2025-07-11 07:45:22,413 INFO → GET /health/local
2025-07-11 07:45:22,414 INFO → Origin header: http://localhost:5173
2025-07-11 07:45:22,414 INFO → POST /user-config
2025-07-11 07:45:22,415 INFO → Origin header: http://localhost:5173
2025-07-11 07:45:22,415 INFO → POST /user-config
2025-07-11 07:45:22,415 INFO → Origin header: http://localhost:5173
2025-07-11 07:45:22,416 INFO Health check: local OK
2025-07-11 07:45:22,416 INFO ← GET /health/outlook completed in 13.93ms with status 200
2025-07-11 07:45:22,418 INFO ← GET /health/local completed in 4.13ms with status 200
2025-07-11 07:45:22,419 INFO User config set: abdul.nafay@aviatnet.com, VIP group ELT
2025-07-11 07:45:22,420 INFO User config set: abdul.nafay@aviatnet.com, VIP group ELT
2025-07-11 07:45:22,420 INFO ← POST /user-config completed in 5.44ms with status 200
2025-07-11 07:45:22,421 INFO ← POST /user-config completed in 5.56ms with status 200
2025-07-11 07:45:22,424 INFO → GET /emails
2025-07-11 07:45:22,424 INFO → Origin header: http://localhost:5173
2025-07-11 07:45:23,468 INFO Fetched 2 emails.
2025-07-11 07:45:23,468 INFO Returning 2 filtered emails
2025-07-11 07:45:23,469 INFO ← GET /emails completed in 1044.77ms with status 200
2025-07-11 07:45:34,143 INFO → OPTIONS /config
2025-07-11 07:45:34,144 INFO → Origin header: http://localhost:5173
2025-07-11 07:45:34,144 INFO ← OPTIONS /config completed in 0.20ms with status 200
2025-07-11 07:45:34,146 INFO → POST /config
2025-07-11 07:45:34,146 INFO → Origin header: http://localhost:5173
2025-07-11 07:45:34,149 INFO Rescheduled fetch every 5 minutes
2025-07-11 07:45:34,149 INFO ← POST /config completed in 2.95ms with status 200
2025-07-11 07:45:34,155 INFO → GET /emails
2025-07-11 07:45:34,156 INFO → Origin header: http://localhost:5173
2025-07-11 07:45:35,755 INFO Fetched 4 emails.
2025-07-11 07:45:35,755 INFO Returning 3 filtered emails
2025-07-11 07:45:35,756 INFO ← GET /emails completed in 1600.24ms with status 200
2025-07-11 07:45:46,736 INFO → POST /user-config
2025-07-11 07:45:46,736 INFO → Origin header: http://localhost:5173
2025-07-11 07:45:46,737 INFO User config set: abdul.nafay@aviatnet.com, VIP group ELT
2025-07-11 07:45:46,738 INFO ← POST /user-config completed in 1.33ms with status 200
2025-07-11 07:45:46,739 INFO → POST /user-config
2025-07-11 07:45:46,740 INFO → Origin header: http://localhost:5173
2025-07-11 07:45:46,740 INFO User config set: abdul.nafay@aviatnet.com, VIP group ELT
2025-07-11 07:45:46,741 INFO ← POST /user-config completed in 1.20ms with status 200
2025-07-11 07:45:49,813 INFO → POST /config
2025-07-11 07:45:49,814 INFO → Origin header: http://localhost:5173
2025-07-11 07:45:49,815 INFO Rescheduled fetch every 5 minutes
2025-07-11 07:45:49,816 INFO ← POST /config completed in 2.08ms with status 200
2025-07-11 07:45:49,825 INFO → GET /emails
2025-07-11 07:45:49,825 INFO → Origin header: http://localhost:5173
2025-07-11 07:45:50,719 INFO Fetched 2 emails.
2025-07-11 07:45:50,719 INFO Returning 2 filtered emails
2025-07-11 07:45:50,720 INFO ← GET /emails completed in 894.84ms with status 200
2025-07-11 07:46:22,490 INFO → GET /health/outlook
2025-07-11 07:46:22,491 INFO → Origin header: http://localhost:5173
2025-07-11 07:46:22,491 INFO → GET /health/local
2025-07-11 07:46:22,492 INFO → Origin header: http://localhost:5173
2025-07-11 07:46:22,493 INFO Health check: local OK
2025-07-11 07:46:22,494 INFO ← GET /health/local completed in 1.90ms with status 200
2025-07-11 07:46:22,501 INFO Health check: outlook OK
2025-07-11 07:46:22,502 INFO ← GET /health/outlook completed in 11.43ms with status 200
2025-07-11 07:47:22,798 INFO → GET /health/outlook
2025-07-11 07:47:22,798 INFO → Origin header: http://localhost:5173
2025-07-11 07:47:22,800 INFO → GET /health/local
2025-07-11 07:47:22,800 INFO → Origin header: http://localhost:5173
2025-07-11 07:47:22,802 INFO Health check: local OK
2025-07-11 07:47:22,802 INFO ← GET /health/local completed in 1.34ms with status 200
2025-07-11 07:47:22,810 INFO Health check: outlook OK
2025-07-11 07:47:22,813 INFO ← GET /health/outlook completed in 14.11ms with status 200
2025-07-11 07:47:33,504 INFO → POST /user-config
2025-07-11 07:47:33,504 INFO → Origin header: http://localhost:5173
2025-07-11 07:47:33,505 INFO User config set: abdul.nafay@aviatnet.com, VIP group ELT
2025-07-11 07:47:33,506 INFO ← POST /user-config completed in 1.65ms with status 200
2025-07-11 07:47:33,507 INFO → GET /config
2025-07-11 07:47:33,507 INFO → Origin header: http://localhost:5173
2025-07-11 07:47:33,508 INFO ← GET /config completed in 0.85ms with status 200
2025-07-11 07:47:33,510 INFO → GET /emails
2025-07-11 07:47:33,510 INFO → Origin header: http://localhost:5173
2025-07-11 07:47:33,820 INFO → GET /health/outlook
2025-07-11 07:47:33,821 INFO → Origin header: http://localhost:5173
2025-07-11 07:47:33,822 INFO → GET /health/local
2025-07-11 07:47:33,822 INFO → Origin header: http://localhost:5173
2025-07-11 07:47:33,826 INFO Health check: local OK
2025-07-11 07:47:33,827 INFO ← GET /health/local completed in 3.69ms with status 200
2025-07-11 07:47:34,415 INFO Health check: outlook OK
2025-07-11 07:47:34,417 INFO ← GET /health/outlook completed in 595.47ms with status 200
2025-07-11 07:47:34,424 INFO Fetched 2 emails.
2025-07-11 07:47:34,425 INFO Returning 2 filtered emails
2025-07-11 07:47:34,425 INFO ← GET /emails completed in 914.94ms with status 200
2025-07-11 07:47:34,427 INFO → GET /emails
2025-07-11 07:47:34,427 INFO → Origin header: http://localhost:5173
2025-07-11 07:47:35,286 INFO Fetched 2 emails.
2025-07-11 07:47:35,286 INFO Returning 2 filtered emails
2025-07-11 07:47:35,287 INFO ← GET /emails completed in 859.79ms with status 200
2025-07-11 07:47:35,641 INFO → POST /user-config
2025-07-11 07:47:35,641 INFO → Origin header: http://localhost:5173
2025-07-11 07:47:35,643 INFO User config set: abdul.nafay@aviatnet.com, VIP group ELT
2025-07-11 07:47:35,645 INFO ← POST /user-config completed in 3.80ms with status 200
2025-07-11 07:47:35,651 INFO → POST /user-config
2025-07-11 07:47:35,652 INFO → Origin header: http://localhost:5173
2025-07-11 07:47:35,653 INFO User config set: abdul.nafay@aviatnet.com, VIP group ELT
2025-07-11 07:47:35,653 INFO ← POST /user-config completed in 1.29ms with status 200
2025-07-11 07:47:36,008 INFO → POST /config
2025-07-11 07:47:36,009 INFO → Origin header: http://localhost:5173
2025-07-11 07:47:36,010 INFO Rescheduled fetch every 5 minutes
2025-07-11 07:47:36,011 INFO ← POST /config completed in 2.08ms with status 200
2025-07-11 07:47:36,020 INFO → GET /emails
2025-07-11 07:47:36,020 INFO → Origin header: http://localhost:5173
2025-07-11 07:47:36,858 INFO Fetched 2 emails.
2025-07-11 07:47:36,858 INFO Returning 2 filtered emails
2025-07-11 07:47:36,859 INFO ← GET /emails completed in 838.29ms with status 200
2025-07-11 07:47:42,041 INFO → POST /config
2025-07-11 07:47:42,041 INFO → Origin header: http://localhost:5173
2025-07-11 07:47:42,043 INFO Rescheduled fetch every 5 minutes
2025-07-11 07:47:42,044 INFO ← POST /config completed in 1.86ms with status 200
2025-07-11 07:47:42,052 INFO → GET /emails
2025-07-11 07:47:42,053 INFO → Origin header: http://localhost:5173
2025-07-11 07:48:13,555 INFO Fetched 107 emails.
2025-07-11 07:48:13,556 INFO Returning 26 filtered emails
2025-07-11 07:48:13,558 INFO ← GET /emails completed in 31504.79ms with status 200
2025-07-11 07:48:34,805 INFO → GET /health/outlook
2025-07-11 07:48:34,806 INFO → Origin header: http://localhost:5173
2025-07-11 07:48:34,807 INFO → GET /health/local
2025-07-11 07:48:34,808 INFO → Origin header: http://localhost:5173
2025-07-11 07:48:34,809 INFO Health check: local OK
2025-07-11 07:48:34,810 INFO ← GET /health/local completed in 1.73ms with status 200
2025-07-11 07:48:34,817 INFO Health check: outlook OK
2025-07-11 07:48:34,818 INFO ← GET /health/outlook completed in 11.76ms with status 200
2025-07-11 07:49:34,491 INFO → GET /health/outlook
2025-07-11 07:49:34,492 INFO → Origin header: http://localhost:5173
2025-07-11 07:49:34,504 INFO Health check: outlook OK
2025-07-11 07:49:34,505 INFO ← GET /health/outlook completed in 13.08ms with status 200
2025-07-11 07:49:34,507 INFO → GET /health/local
2025-07-11 07:49:34,508 INFO → Origin header: http://localhost:5173
2025-07-11 07:49:34,508 INFO Health check: local OK
2025-07-11 07:49:34,509 INFO ← GET /health/local completed in 0.91ms with status 200
2025-07-11 07:50:34,499 INFO → GET /health/outlook
2025-07-11 07:50:34,500 INFO → Origin header: http://localhost:5173
2025-07-11 07:50:34,511 INFO Health check: outlook OK
2025-07-11 07:50:34,513 INFO ← GET /health/outlook completed in 12.59ms with status 200
2025-07-11 07:50:34,515 INFO → GET /health/local
2025-07-11 07:50:34,515 INFO → Origin header: http://localhost:5173
2025-07-11 07:50:34,515 INFO Health check: local OK
2025-07-11 07:50:34,516 INFO ← GET /health/local completed in 0.61ms with status 200
2025-07-11 07:51:34,500 INFO → GET /health/outlook
2025-07-11 07:51:34,500 INFO → Origin header: http://localhost:5173
2025-07-11 07:51:34,511 INFO Health check: outlook OK
2025-07-11 07:51:34,513 INFO ← GET /health/outlook completed in 12.43ms with status 200
2025-07-11 07:51:34,514 INFO → GET /health/local
2025-07-11 07:51:34,514 INFO → Origin header: http://localhost:5173
2025-07-11 07:51:34,515 INFO Health check: local OK
2025-07-11 07:51:34,515 INFO ← GET /health/local completed in 0.58ms with status 200
2025-07-11 07:51:40,503 INFO → POST /user-config
2025-07-11 07:51:40,503 INFO → Origin header: http://localhost:5173
2025-07-11 07:51:40,504 INFO User config set: abdul.nafay@aviatnet.com, VIP group ELT
2025-07-11 07:51:40,505 INFO ← POST /user-config completed in 1.62ms with status 200
2025-07-11 07:51:40,506 INFO → GET /config
2025-07-11 07:51:40,506 INFO → Origin header: http://localhost:5173
2025-07-11 07:51:40,510 INFO ← GET /config completed in 0.99ms with status 200
2025-07-11 07:51:40,512 INFO → GET /emails
2025-07-11 07:51:40,512 INFO → Origin header: http://localhost:5173
2025-07-11 07:51:40,818 INFO → GET /health/outlook
2025-07-11 07:51:40,818 INFO → Origin header: http://localhost:5173
2025-07-11 07:51:40,819 INFO → GET /health/local
2025-07-11 07:51:40,819 INFO → Origin header: http://localhost:5173
2025-07-11 07:51:40,820 INFO Health check: local OK
2025-07-11 07:51:40,820 INFO ← GET /health/local completed in 1.39ms with status 200
2025-07-11 07:51:41,492 INFO Health check: outlook OK
2025-07-11 07:51:41,494 INFO ← GET /health/outlook completed in 675.00ms with status 200
2025-07-11 07:51:42,196 INFO → POST /user-config
2025-07-11 07:51:42,196 INFO → Origin header: http://localhost:5173
2025-07-11 07:51:42,197 INFO User config set: abdul.nafay@aviatnet.com, VIP group ELT
2025-07-11 07:51:42,198 INFO ← POST /user-config completed in 1.52ms with status 200
2025-07-11 07:51:42,219 INFO → POST /user-config
2025-07-11 07:51:42,219 INFO → Origin header: http://localhost:5173
2025-07-11 07:51:42,220 INFO User config set: abdul.nafay@aviatnet.com, VIP group ELT
2025-07-11 07:51:42,220 INFO ← POST /user-config completed in 1.24ms with status 200
2025-07-11 07:52:02,945 INFO → GET /emails
2025-07-11 07:52:02,945 INFO → Origin header: http://localhost:5173
2025-07-11 07:52:18,295 INFO Fetched 107 emails.
2025-07-11 07:52:18,295 INFO Returning 26 filtered emails
2025-07-11 07:52:18,296 INFO ← GET /emails completed in 37784.21ms with status 200
2025-07-11 07:52:32,603 INFO → POST /config
2025-07-11 07:52:32,603 INFO → Origin header: http://localhost:5173
2025-07-11 07:52:32,604 INFO Rescheduled fetch every 180 minutes
2025-07-11 07:52:32,604 INFO ← POST /config completed in 1.42ms with status 200
2025-07-11 07:52:32,631 INFO → GET /emails
2025-07-11 07:52:32,631 INFO → Origin header: http://localhost:5173
2025-07-11 07:52:41,793 INFO → GET /health/outlook
2025-07-11 07:52:41,793 INFO → Origin header: http://localhost:5173
2025-07-11 07:52:41,794 INFO → GET /health/local
2025-07-11 07:52:41,795 INFO → Origin header: http://localhost:5173
2025-07-11 07:52:41,796 INFO Health check: local OK
2025-07-11 07:52:41,797 INFO ← GET /health/local completed in 1.75ms with status 200
2025-07-11 07:52:42,131 INFO Health check: outlook OK
2025-07-11 07:52:42,133 INFO ← GET /health/outlook completed in 339.72ms with status 200
2025-07-11 07:52:46,823 INFO → POST /user-config
2025-07-11 07:52:46,823 INFO → Origin header: http://localhost:5173
2025-07-11 07:52:46,824 INFO User config set: abdul.nafay@aviatnet.com, VIP group ELT
2025-07-11 07:52:46,825 INFO ← POST /user-config completed in 1.41ms with status 200
2025-07-11 07:52:46,843 INFO → POST /user-config
2025-07-11 07:52:46,843 INFO → Origin header: http://localhost:5173
2025-07-11 07:52:46,844 INFO User config set: abdul.nafay@aviatnet.com, VIP group ELT
2025-07-11 07:52:46,844 INFO ← POST /user-config completed in 1.10ms with status 200
2025-07-11 07:52:51,469 INFO Fetched 107 emails.
2025-07-11 07:52:51,470 INFO Returning 26 filtered emails
2025-07-11 07:52:51,471 INFO ← GET /emails completed in 48525.04ms with status 200
2025-07-11 07:53:12,960 INFO Fetched 107 emails.
2025-07-11 07:53:12,960 INFO Returning 26 filtered emails
2025-07-11 07:53:12,961 INFO ← GET /emails completed in 40329.40ms with status 200
2025-07-11 07:53:41,807 INFO → GET /health/outlook
2025-07-11 07:53:41,808 INFO → Origin header: http://localhost:5173
2025-07-11 07:53:41,809 INFO → GET /health/local
2025-07-11 07:53:41,809 INFO → Origin header: http://localhost:5173
2025-07-11 07:53:41,811 INFO Health check: local OK
2025-07-11 07:53:41,812 INFO ← GET /health/local completed in 2.19ms with status 200
2025-07-11 07:53:41,818 INFO Health check: outlook OK
2025-07-11 07:53:41,819 INFO ← GET /health/outlook completed in 10.88ms with status 200
2025-07-11 07:53:57,503 INFO → POST /user-config
2025-07-11 07:53:57,503 INFO → Origin header: http://localhost:5173
2025-07-11 07:53:57,505 INFO User config set: abdul.nafay@aviatnet.com, VIP group ELT
2025-07-11 07:53:57,506 INFO ← POST /user-config completed in 2.36ms with status 200
2025-07-11 07:53:57,507 INFO → GET /config
2025-07-11 07:53:57,507 INFO → Origin header: http://localhost:5173
2025-07-11 07:53:57,508 INFO ← GET /config completed in 0.76ms with status 200
2025-07-11 07:53:57,509 INFO → GET /emails
2025-07-11 07:53:57,509 INFO → Origin header: http://localhost:5173
2025-07-11 07:53:57,811 INFO → GET /health/outlook
2025-07-11 07:53:57,812 INFO → Origin header: http://localhost:5173
2025-07-11 07:53:57,813 INFO → GET /health/local
2025-07-11 07:53:57,813 INFO → Origin header: http://localhost:5173
2025-07-11 07:53:57,815 INFO Health check: local OK
2025-07-11 07:53:57,816 INFO ← GET /health/local completed in 2.26ms with status 200
2025-07-11 07:53:58,302 INFO Health check: outlook OK
2025-07-11 07:53:58,304 INFO ← GET /health/outlook completed in 491.31ms with status 200
2025-07-11 07:53:59,684 INFO → POST /user-config
2025-07-11 07:53:59,684 INFO → Origin header: http://localhost:5173
2025-07-11 07:53:59,686 INFO User config set: abdul.nafay@aviatnet.com, VIP group ELT
2025-07-11 07:53:59,686 INFO ← POST /user-config completed in 1.81ms with status 200
2025-07-11 07:53:59,703 INFO → POST /user-config
2025-07-11 07:53:59,703 INFO → Origin header: http://localhost:5173
2025-07-11 07:53:59,704 INFO User config set: abdul.nafay@aviatnet.com, VIP group ELT
2025-07-11 07:53:59,705 INFO ← POST /user-config completed in 1.26ms with status 200
2025-07-11 07:54:17,534 INFO → GET /emails
2025-07-11 07:54:17,534 INFO → Origin header: http://localhost:5173
2025-07-11 07:54:37,881 INFO Fetched 107 emails.
2025-07-11 07:54:37,882 INFO Returning 26 filtered emails
2025-07-11 07:54:37,883 INFO ← GET /emails completed in 40373.33ms with status 200
2025-07-11 07:54:57,066 INFO → POST /user-config
2025-07-11 07:54:57,066 INFO → Origin header: http://localhost:5173
2025-07-11 07:54:57,068 INFO User config set: abdul.nafay@aviatnet.com, VIP group ELT
2025-07-11 07:54:57,069 INFO ← POST /user-config completed in 2.41ms with status 200
2025-07-11 07:54:57,084 INFO → POST /user-config
2025-07-11 07:54:57,084 INFO → Origin header: http://localhost:5173
2025-07-11 07:54:57,085 INFO User config set: abdul.nafay@aviatnet.com, VIP group ELT
2025-07-11 07:54:57,086 INFO ← POST /user-config completed in 1.28ms with status 200
2025-07-11 07:54:57,520 INFO → GET /health/outlook
2025-07-11 07:54:57,520 INFO → Origin header: http://localhost:5173
2025-07-11 07:54:57,655 INFO Health check: outlook OK
2025-07-11 07:54:57,657 INFO ← GET /health/outlook completed in 136.46ms with status 200
2025-07-11 07:54:57,659 INFO → GET /health/local
2025-07-11 07:54:57,659 INFO → Origin header: http://localhost:5173
2025-07-11 07:54:57,660 INFO Health check: local OK
2025-07-11 07:54:57,660 INFO ← GET /health/local completed in 1.19ms with status 200
2025-07-11 07:54:58,460 INFO Fetched 107 emails.
2025-07-11 07:54:58,461 INFO Returning 26 filtered emails
2025-07-11 07:54:58,462 INFO ← GET /emails completed in 40927.23ms with status 200
2025-07-11 07:55:11,055 INFO → POST /user-config
2025-07-11 07:55:11,056 INFO → Origin header: http://localhost:5173
2025-07-11 07:55:11,057 INFO User config set: abdul.nafay@aviatnet.com, VIP group ELT
2025-07-11 07:55:11,058 INFO ← POST /user-config completed in 1.59ms with status 200
2025-07-11 07:55:11,071 INFO → POST /user-config
2025-07-11 07:55:11,072 INFO → Origin header: http://localhost:5173
2025-07-11 07:55:11,073 INFO User config set: abdul.nafay@aviatnet.com, VIP group ELT
2025-07-11 07:55:11,074 INFO ← POST /user-config completed in 1.48ms with status 200
2025-07-11 07:55:35,815 INFO → OPTIONS /user-config
2025-07-11 07:55:35,816 INFO → Origin header: http://localhost:5173
2025-07-11 07:55:35,816 INFO → GET /config
2025-07-11 07:55:35,817 INFO → Origin header: http://localhost:5173
2025-07-11 07:55:35,817 INFO → GET /health/outlook
2025-07-11 07:55:35,817 INFO → Origin header: http://localhost:5173
2025-07-11 07:55:35,818 INFO → GET /health/local
2025-07-11 07:55:35,818 INFO → Origin header: http://localhost:5173
2025-07-11 07:55:35,818 INFO → GET /emails
2025-07-11 07:55:35,818 INFO → Origin header: http://localhost:5173
2025-07-11 07:55:35,819 INFO ← OPTIONS /user-config completed in 2.60ms with status 200
2025-07-11 07:55:35,821 INFO Health check: local OK
2025-07-11 07:55:35,821 INFO → POST /user-config
2025-07-11 07:55:35,822 INFO → Origin header: http://localhost:5173
2025-07-11 07:55:35,822 INFO ← GET /health/local completed in 4.06ms with status 200
2025-07-11 07:55:35,823 INFO ← GET /config completed in 6.41ms with status 200
2025-07-11 07:55:35,824 INFO User config set: abdul.nafay@aviatnet.com, VIP group ELT
2025-07-11 07:55:35,825 INFO ← POST /user-config completed in 2.79ms with status 200
2025-07-11 07:55:35,831 INFO Health check: outlook OK
2025-07-11 07:55:35,833 INFO ← GET /health/outlook completed in 15.31ms with status 200
2025-07-11 07:55:36,038 INFO → POST /user-config
2025-07-11 07:55:36,039 INFO → Origin header: http://localhost:5173
2025-07-11 07:55:36,040 INFO User config set: abdul.nafay@aviatnet.com, VIP group ELT
2025-07-11 07:55:36,041 INFO ← POST /user-config completed in 2.24ms with status 200
2025-07-11 07:55:36,057 INFO → POST /user-config
2025-07-11 07:55:36,057 INFO → Origin header: http://localhost:5173
2025-07-11 07:55:36,058 INFO User config set: abdul.nafay@aviatnet.com, VIP group ELT
2025-07-11 07:55:36,059 INFO ← POST /user-config completed in 1.39ms with status 200
2025-07-11 07:55:55,861 INFO → GET /emails
2025-07-11 07:55:55,862 INFO → Origin header: http://localhost:5173
2025-07-11 07:56:16,317 INFO → POST /user-config
2025-07-11 07:56:16,318 INFO → Origin header: http://localhost:5173
2025-07-11 07:56:16,322 INFO User config set: abdul.nafay@aviatnet.com, VIP group ELT
2025-07-11 07:56:16,323 INFO ← POST /user-config completed in 5.44ms with status 200
2025-07-11 07:56:16,325 INFO → POST /user-config
2025-07-11 07:56:16,325 INFO → Origin header: http://localhost:5173
2025-07-11 07:56:16,325 INFO User config set: abdul.nafay@aviatnet.com, VIP group ELT
2025-07-11 07:56:16,326 INFO ← POST /user-config completed in 0.95ms with status 200
2025-07-11 07:56:16,721 INFO Fetched 107 emails.
2025-07-11 07:56:16,722 INFO Returning 26 filtered emails
2025-07-11 07:56:16,723 INFO ← GET /emails completed in 40904.52ms with status 200
2025-07-11 07:56:33,517 INFO → POST /user-config
2025-07-11 07:56:33,517 INFO → Origin header: http://localhost:5173
2025-07-11 07:56:33,519 INFO User config set: abdul.nafay@aviatnet.com, VIP group ELT
2025-07-11 07:56:33,520 INFO ← POST /user-config completed in 2.09ms with status 200
2025-07-11 07:56:33,521 INFO → GET /config
2025-07-11 07:56:33,521 INFO → Origin header: http://localhost:5173
2025-07-11 07:56:33,522 INFO ← GET /config completed in 0.71ms with status 200
2025-07-11 07:56:33,523 INFO → GET /emails
2025-07-11 07:56:33,523 INFO → Origin header: http://localhost:5173
2025-07-11 07:56:33,825 INFO → GET /health/outlook
2025-07-11 07:56:33,825 INFO → Origin header: http://localhost:5173
2025-07-11 07:56:33,826 INFO → GET /health/local
2025-07-11 07:56:33,826 INFO → Origin header: http://localhost:5173
2025-07-11 07:56:33,828 INFO Health check: local OK
2025-07-11 07:56:33,828 INFO ← GET /health/local completed in 2.15ms with status 200
2025-07-11 07:56:34,331 INFO Health check: outlook OK
2025-07-11 07:56:34,333 INFO ← GET /health/outlook completed in 507.75ms with status 200
2025-07-11 07:56:35,395 INFO → POST /user-config
2025-07-11 07:56:35,396 INFO → Origin header: http://localhost:5173
2025-07-11 07:56:35,397 INFO User config set: abdul.nafay@aviatnet.com, VIP group ELT
2025-07-11 07:56:35,398 INFO ← POST /user-config completed in 1.98ms with status 200
2025-07-11 07:56:35,418 INFO → POST /user-config
2025-07-11 07:56:35,418 INFO → Origin header: http://localhost:5173
2025-07-11 07:56:35,419 INFO User config set: abdul.nafay@aviatnet.com, VIP group ELT
2025-07-11 07:56:35,419 INFO ← POST /user-config completed in 1.25ms with status 200
2025-07-11 07:56:42,525 INFO Fetched 107 emails.
2025-07-11 07:56:42,525 INFO Returning 26 filtered emails
2025-07-11 07:56:42,527 INFO ← GET /emails completed in 46664.53ms with status 200
2025-07-11 07:56:46,241 INFO → OPTIONS /config
2025-07-11 07:56:46,242 INFO → Origin header: http://localhost:5173
2025-07-11 07:56:46,242 INFO ← OPTIONS /config completed in 0.20ms with status 200
2025-07-11 07:56:46,244 INFO → POST /config
2025-07-11 07:56:46,244 INFO → Origin header: http://localhost:5173
2025-07-11 07:56:46,245 INFO Rescheduled fetch every 180 minutes
2025-07-11 07:56:46,246 INFO ← POST /config completed in 1.52ms with status 200
2025-07-11 07:56:53,553 INFO → GET /emails
2025-07-11 07:56:53,553 INFO → Origin header: http://localhost:5173
2025-07-11 07:56:54,056 INFO Fetched 0 emails.
2025-07-11 07:56:54,056 INFO Returning 0 filtered emails
2025-07-11 07:56:54,057 INFO ← GET /emails completed in 503.42ms with status 200
2025-07-11 07:57:06,589 INFO → GET /emails
2025-07-11 07:57:06,589 INFO → Origin header: http://localhost:5173
2025-07-11 07:57:06,629 INFO Fetched 0 emails.
2025-07-11 07:57:06,629 INFO Returning 0 filtered emails
2025-07-11 07:57:06,630 INFO ← GET /emails completed in 40.68ms with status 200
2025-07-11 07:57:08,418 INFO Fetched 107 emails.
2025-07-11 07:57:08,418 INFO Returning 26 filtered emails
2025-07-11 07:57:08,419 INFO ← GET /emails completed in 34895.95ms with status 200
2025-07-11 07:57:15,455 INFO → POST /user-config
2025-07-11 07:57:15,456 INFO → Origin header: http://localhost:5173
2025-07-11 07:57:15,457 INFO → GET /config
2025-07-11 07:57:15,458 INFO → Origin header: http://localhost:5173
2025-07-11 07:57:15,459 INFO → GET /health/outlook
2025-07-11 07:57:15,460 INFO → Origin header: http://localhost:5173
2025-07-11 07:57:15,461 INFO → GET /emails
2025-07-11 07:57:15,461 INFO → Origin header: http://localhost:5173
2025-07-11 07:57:15,462 INFO → GET /health/local
2025-07-11 07:57:15,462 INFO → Origin header: http://localhost:5173
2025-07-11 07:57:15,467 INFO Health check: local OK
2025-07-11 07:57:15,468 INFO User config set: abdul.nafay@aviatnet.com, VIP group ELT
2025-07-11 07:57:15,468 INFO ← GET /health/local completed in 5.66ms with status 200
2025-07-11 07:57:15,471 INFO ← GET /config completed in 12.29ms with status 200
2025-07-11 07:57:15,473 INFO ← POST /user-config completed in 16.39ms with status 200
2025-07-11 07:57:15,483 INFO Health check: outlook OK
2025-07-11 07:57:15,486 INFO ← GET /health/outlook completed in 25.78ms with status 200
2025-07-11 07:57:15,531 INFO Fetched 0 emails.
2025-07-11 07:57:15,532 INFO Returning 0 filtered emails
2025-07-11 07:57:15,532 INFO ← GET /emails completed in 70.89ms with status 200
2025-07-11 07:57:15,534 INFO → GET /emails
2025-07-11 07:57:15,534 INFO → Origin header: http://localhost:5173
2025-07-11 07:57:15,581 INFO Fetched 0 emails.
2025-07-11 07:57:15,581 INFO Returning 0 filtered emails
2025-07-11 07:57:15,582 INFO ← GET /emails completed in 47.88ms with status 200
2025-07-11 07:57:15,993 INFO → POST /user-config
2025-07-11 07:57:15,994 INFO → Origin header: http://localhost:5173
2025-07-11 07:57:15,995 INFO User config set: abdul.nafay@aviatnet.com, VIP group ELT
2025-07-11 07:57:15,997 INFO ← POST /user-config completed in 3.30ms with status 200
2025-07-11 07:57:15,999 INFO → POST /user-config
2025-07-11 07:57:15,999 INFO → Origin header: http://localhost:5173
2025-07-11 07:57:16,000 INFO User config set: abdul.nafay@aviatnet.com, VIP group ELT
2025-07-11 07:57:16,001 INFO ← POST /user-config completed in 1.88ms with status 200
2025-07-11 07:57:18,449 INFO → POST /config
2025-07-11 07:57:18,449 INFO → Origin header: http://localhost:5173
2025-07-11 07:57:18,451 INFO Rescheduled fetch every 180 minutes
2025-07-11 07:57:18,452 INFO ← POST /config completed in 1.94ms with status 200
2025-07-11 07:57:18,457 INFO → GET /emails
2025-07-11 07:57:18,457 INFO → Origin header: http://localhost:5173
2025-07-11 07:57:19,299 INFO Fetched 2 emails.
2025-07-11 07:57:19,299 INFO Returning 2 filtered emails
2025-07-11 07:57:19,300 INFO ← GET /emails completed in 842.03ms with status 200
2025-07-11 07:57:22,337 INFO → POST /config
2025-07-11 07:57:22,337 INFO → Origin header: http://localhost:5173
2025-07-11 07:57:22,339 INFO Rescheduled fetch every 180 minutes
2025-07-11 07:57:22,340 INFO ← POST /config completed in 1.89ms with status 200
2025-07-11 07:57:22,346 INFO → GET /emails
2025-07-11 07:57:22,347 INFO → Origin header: http://localhost:5173
2025-07-11 07:57:23,917 INFO Fetched 4 emails.
2025-07-11 07:57:23,917 INFO Returning 3 filtered emails
2025-07-11 07:57:23,918 INFO ← GET /emails completed in 1570.83ms with status 200
2025-07-11 07:57:29,916 INFO → POST /user-config
2025-07-11 07:57:29,917 INFO → Origin header: http://localhost:5173
2025-07-11 07:57:29,918 INFO User config set: abdul.nafay@aviatnet.com, VIP group ELT
2025-07-11 07:57:29,919 INFO ← POST /user-config completed in 2.15ms with status 200
2025-07-11 07:57:29,922 INFO → POST /user-config
2025-07-11 07:57:29,923 INFO → Origin header: http://localhost:5173
2025-07-11 07:57:29,923 INFO User config set: abdul.nafay@aviatnet.com, VIP group ELT
2025-07-11 07:57:29,924 INFO ← POST /user-config completed in 1.33ms with status 200
2025-07-11 07:57:55,824 INFO → POST /user-config
2025-07-11 07:57:55,824 INFO → Origin header: http://localhost:5173
2025-07-11 07:57:55,825 INFO → GET /config
2025-07-11 07:57:55,825 INFO → Origin header: http://localhost:5173
2025-07-11 07:57:55,825 INFO → GET /emails
2025-07-11 07:57:55,825 INFO → Origin header: http://localhost:5173
2025-07-11 07:57:55,825 INFO → GET /health/outlook
2025-07-11 07:57:55,826 INFO → Origin header: http://localhost:5173
2025-07-11 07:57:55,826 INFO → GET /health/local
2025-07-11 07:57:55,826 INFO → Origin header: http://localhost:5173
2025-07-11 07:57:55,827 INFO Health check: local OK
2025-07-11 07:57:55,828 INFO User config set: abdul.nafay@aviatnet.com, VIP group ELT
2025-07-11 07:57:55,828 INFO ← GET /health/local completed in 2.20ms with status 200
2025-07-11 07:57:55,829 INFO ← GET /config completed in 4.13ms with status 200
2025-07-11 07:57:55,830 INFO ← POST /user-config completed in 5.46ms with status 200
2025-07-11 07:57:55,838 INFO Health check: outlook OK
2025-07-11 07:57:55,840 INFO ← GET /health/outlook completed in 13.83ms with status 200
2025-07-11 07:57:56,973 INFO → POST /user-config
2025-07-11 07:57:56,973 INFO → Origin header: http://localhost:5173
2025-07-11 07:57:56,974 INFO User config set: abdul.nafay@aviatnet.com, VIP group ELT
2025-07-11 07:57:56,975 INFO ← POST /user-config completed in 1.43ms with status 200
2025-07-11 07:57:56,978 INFO → POST /user-config
2025-07-11 07:57:56,978 INFO → Origin header: http://localhost:5173
2025-07-11 07:57:56,979 INFO User config set: abdul.nafay@aviatnet.com, VIP group ELT
2025-07-11 07:57:56,980 INFO ← POST /user-config completed in 1.22ms with status 200
2025-07-11 07:57:57,453 INFO Fetched 4 emails.
2025-07-11 07:57:57,454 INFO Returning 3 filtered emails
2025-07-11 07:57:57,454 INFO ← GET /emails completed in 1628.91ms with status 200
2025-07-11 07:57:57,456 INFO → GET /emails
2025-07-11 07:57:57,456 INFO → Origin header: http://localhost:5173
2025-07-11 07:57:59,060 INFO Fetched 4 emails.
2025-07-11 07:57:59,060 INFO Returning 3 filtered emails
2025-07-11 07:57:59,061 INFO ← GET /emails completed in 1604.67ms with status 200
2025-07-11 07:58:00,123 INFO → POST /config
2025-07-11 07:58:00,123 INFO → Origin header: http://localhost:5173
2025-07-11 07:58:00,125 INFO Rescheduled fetch every 180 minutes
2025-07-11 07:58:00,126 INFO ← POST /config completed in 1.81ms with status 200
2025-07-11 07:58:00,133 INFO → GET /emails
2025-07-11 07:58:00,134 INFO → Origin header: http://localhost:5173
2025-07-11 07:58:09,177 INFO Fetched 36 emails.
2025-07-11 07:58:09,178 INFO Returning 10 filtered emails
2025-07-11 07:58:09,179 INFO ← GET /emails completed in 9044.70ms with status 200
2025-07-11 07:58:15,449 INFO → POST /config
2025-07-11 07:58:15,449 INFO → Origin header: http://localhost:5173
2025-07-11 07:58:15,450 INFO Rescheduled fetch every 180 minutes
2025-07-11 07:58:15,451 INFO ← POST /config completed in 1.67ms with status 200
2025-07-11 07:58:15,461 INFO → GET /emails
2025-07-11 07:58:15,461 INFO → Origin header: http://localhost:5173
2025-07-11 07:58:15,513 INFO Fetched 0 emails.
2025-07-11 07:58:15,513 INFO Returning 0 filtered emails
2025-07-11 07:58:15,514 INFO ← GET /emails completed in 52.54ms with status 200
2025-07-11 07:58:19,018 INFO → POST /config
2025-07-11 07:58:19,019 INFO → Origin header: http://localhost:5173
2025-07-11 07:58:19,020 INFO Rescheduled fetch every 180 minutes
2025-07-11 07:58:19,022 INFO ← POST /config completed in 2.78ms with status 200
2025-07-11 07:58:19,027 INFO → GET /emails
2025-07-11 07:58:19,027 INFO → Origin header: http://localhost:5173
2025-07-11 07:58:19,898 INFO Fetched 2 emails.
2025-07-11 07:58:19,899 INFO Returning 2 filtered emails
2025-07-11 07:58:19,899 INFO ← GET /emails completed in 871.81ms with status 200
2025-07-11 07:58:56,809 INFO → GET /health/outlook
2025-07-11 07:58:56,810 INFO → Origin header: http://localhost:5173
2025-07-11 07:58:56,811 INFO → GET /health/local
2025-07-11 07:58:56,811 INFO → Origin header: http://localhost:5173
2025-07-11 07:58:56,813 INFO Health check: local OK
2025-07-11 07:58:56,814 INFO ← GET /health/local completed in 2.27ms with status 200
2025-07-11 07:58:56,821 INFO Health check: outlook OK
2025-07-11 07:58:56,822 INFO ← GET /health/outlook completed in 12.14ms with status 200
2025-07-11 07:59:56,502 INFO → GET /health/outlook
2025-07-11 07:59:56,503 INFO → Origin header: http://localhost:5173
2025-07-11 07:59:56,512 INFO Health check: outlook OK
2025-07-11 07:59:56,513 INFO ← GET /health/outlook completed in 10.28ms with status 200
2025-07-11 07:59:56,515 INFO → GET /health/local
2025-07-11 07:59:56,516 INFO → Origin header: http://localhost:5173
2025-07-11 07:59:56,516 INFO Health check: local OK
2025-07-11 07:59:56,517 INFO ← GET /health/local completed in 0.77ms with status 200
2025-07-11 08:00:17,933 INFO → POST /user-config
2025-07-11 08:00:17,933 INFO → Origin header: http://localhost:5173
2025-07-11 08:00:17,935 INFO User config set: abdul.nafay@aviatnet.com, VIP group ELT
2025-07-11 08:00:17,936 INFO ← POST /user-config completed in 2.12ms with status 200
2025-07-11 08:00:17,938 INFO → POST /user-config
2025-07-11 08:00:17,938 INFO → Origin header: http://localhost:5173
2025-07-11 08:00:17,939 INFO User config set: abdul.nafay@aviatnet.com, VIP group ELT
2025-07-11 08:00:17,940 INFO ← POST /user-config completed in 1.21ms with status 200
2025-07-11 08:00:26,399 INFO → POST /user-config
2025-07-11 08:00:26,400 INFO → Origin header: http://localhost:5173
2025-07-11 08:00:26,400 INFO → POST /user-config
2025-07-11 08:00:26,400 INFO → Origin header: http://localhost:5173
2025-07-11 08:00:26,401 INFO User config set: abdul.nafay@aviatnet.com, VIP group ELT
2025-07-11 08:00:26,402 INFO User config set: abdul.nafay@aviatnet.com, VIP group ELT
2025-07-11 08:00:26,402 INFO ← POST /user-config completed in 2.50ms with status 200
2025-07-11 08:00:26,403 INFO ← POST /user-config completed in 2.78ms with status 200
2025-07-11 08:00:56,502 INFO → GET /health/outlook
2025-07-11 08:00:56,502 INFO → Origin header: http://localhost:5173
2025-07-11 08:00:56,513 INFO Health check: outlook OK
2025-07-11 08:00:56,514 INFO ← GET /health/outlook completed in 11.58ms with status 200
2025-07-11 08:00:56,516 INFO → GET /health/local
2025-07-11 08:00:56,516 INFO → Origin header: http://localhost:5173
2025-07-11 08:00:56,517 INFO Health check: local OK
2025-07-11 08:00:56,517 INFO ← GET /health/local completed in 1.04ms with status 200
2025-07-11 08:01:00,502 INFO → POST /user-config
2025-07-11 08:01:00,503 INFO → Origin header: http://localhost:5173
2025-07-11 08:01:00,504 INFO → GET /config
2025-07-11 08:01:00,504 INFO → Origin header: http://localhost:5173
2025-07-11 08:01:00,506 INFO User config set: abdul.nafay@aviatnet.com, VIP group ELT
2025-07-11 08:01:00,507 INFO ← GET /config completed in 3.15ms with status 200
2025-07-11 08:01:00,508 INFO ← POST /user-config completed in 5.36ms with status 200
2025-07-11 08:01:00,510 INFO → GET /emails
2025-07-11 08:01:00,510 INFO → Origin header: http://localhost:5173
2025-07-11 08:01:00,511 INFO → GET /health/outlook
2025-07-11 08:01:00,511 INFO → Origin header: http://localhost:5173
2025-07-11 08:01:00,522 INFO Health check: outlook OK
2025-07-11 08:01:00,524 INFO ← GET /health/outlook completed in 12.75ms with status 200
2025-07-11 08:01:00,526 INFO → GET /health/local
2025-07-11 08:01:00,526 INFO → Origin header: http://localhost:5173
2025-07-11 08:01:00,527 INFO Health check: local OK
2025-07-11 08:01:00,527 INFO ← GET /health/local completed in 0.97ms with status 200
2025-07-11 08:01:01,437 INFO → POST /user-config
2025-07-11 08:01:01,437 INFO → Origin header: http://localhost:5173
2025-07-11 08:01:01,438 INFO User config set: abdul.nafay@aviatnet.com, VIP group ELT
2025-07-11 08:01:01,439 INFO ← POST /user-config completed in 1.53ms with status 200
2025-07-11 08:01:01,441 INFO → POST /user-config
2025-07-11 08:01:01,441 INFO → Origin header: http://localhost:5173
2025-07-11 08:01:01,442 INFO User config set: abdul.nafay@aviatnet.com, VIP group ELT
2025-07-11 08:01:01,443 INFO ← POST /user-config completed in 1.06ms with status 200
2025-07-11 08:01:01,443 INFO Fetched 3 emails.
2025-07-11 08:01:01,443 INFO Returning 2 filtered emails
2025-07-11 08:01:01,444 INFO ← GET /emails completed in 933.52ms with status 200
2025-07-11 08:01:01,445 INFO → GET /emails
2025-07-11 08:01:01,445 INFO → Origin header: http://localhost:5173
2025-07-11 08:01:02,384 INFO Fetched 3 emails.
2025-07-11 08:01:02,384 INFO Returning 2 filtered emails
2025-07-11 08:01:02,385 INFO ← GET /emails completed in 940.39ms with status 200
2025-07-11 08:01:03,686 INFO → POST /config
2025-07-11 08:01:03,686 INFO → Origin header: http://localhost:5173
2025-07-11 08:01:03,687 INFO Rescheduled fetch every 180 minutes
2025-07-11 08:01:03,689 INFO ← POST /config completed in 2.20ms with status 200
2025-07-11 08:01:03,696 INFO → GET /emails
2025-07-11 08:01:03,696 INFO → Origin header: http://localhost:5173
2025-07-11 08:01:05,295 INFO Fetched 5 emails.
2025-07-11 08:01:05,295 INFO Returning 3 filtered emails
2025-07-11 08:01:05,296 INFO ← GET /emails completed in 1599.25ms with status 200
2025-07-11 08:01:14,240 INFO → POST /config
2025-07-11 08:01:14,240 INFO → Origin header: http://localhost:5173
2025-07-11 08:01:14,241 INFO Rescheduled fetch every 180 minutes
2025-07-11 08:01:14,243 INFO ← POST /config completed in 2.39ms with status 200
2025-07-11 08:01:14,250 INFO → GET /emails
2025-07-11 08:01:14,250 INFO → Origin header: http://localhost:5173
2025-07-11 08:01:23,163 INFO Fetched 37 emails.
2025-07-11 08:01:23,163 INFO Returning 10 filtered emails
2025-07-11 08:01:23,164 INFO ← GET /emails completed in 8913.82ms with status 200
2025-07-11 08:01:31,508 INFO → POST /user-config
2025-07-11 08:01:31,508 INFO → Origin header: http://localhost:5173
2025-07-11 08:01:31,509 INFO → GET /config
2025-07-11 08:01:31,509 INFO → Origin header: http://localhost:5173
2025-07-11 08:01:31,511 INFO User config set: abdul.nafay@aviatnet.com, VIP group ELT
2025-07-11 08:01:31,512 INFO ← GET /config completed in 2.11ms with status 200
2025-07-11 08:01:31,513 INFO ← POST /user-config completed in 4.48ms with status 200
2025-07-11 08:01:31,514 INFO → GET /emails
2025-07-11 08:01:31,514 INFO → Origin header: http://localhost:5173
2025-07-11 08:01:31,515 INFO → GET /health/outlook
2025-07-11 08:01:31,516 INFO → Origin header: http://localhost:5173
2025-07-11 08:01:31,531 INFO Health check: outlook OK
2025-07-11 08:01:31,534 INFO ← GET /health/outlook completed in 18.20ms with status 200
2025-07-11 08:01:31,537 INFO → GET /health/local
2025-07-11 08:01:31,538 INFO → Origin header: http://localhost:5173
2025-07-11 08:01:31,538 INFO Health check: local OK
2025-07-11 08:01:31,539 INFO ← GET /health/local completed in 1.13ms with status 200
2025-07-11 08:01:40,960 INFO Fetched 37 emails.
2025-07-11 08:01:40,960 INFO Returning 10 filtered emails
2025-07-11 08:01:40,961 INFO ← GET /emails completed in 9446.69ms with status 200
2025-07-11 08:01:41,068 INFO Shutting down backend service
