2025-07-17 09:55:57,551 INFO Scheduler started
2025-07-17 09:55:57,557 INFO Launching via uvicorn.Server
2025-07-17 09:55:57,580 INFO Starting backend service
2025-07-17 09:55:57,581 INFO Outlook COM cache rebuilt successfully.
2025-07-17 16:39:59,965 INFO Scheduler started
2025-07-17 16:39:59,969 INFO Launching via uvicorn.Server
2025-07-17 16:39:59,990 INFO Starting backend service
2025-07-17 16:39:59,991 INFO Outlook COM cache rebuilt successfully.
2025-07-17 16:39:59,993 INFO Shutting down backend service
2025-07-17 16:40:59,780 INFO Scheduler started
2025-07-17 16:40:59,784 INFO Launching via uvicorn.Server
2025-07-17 16:40:59,806 INFO Starting backend service
2025-07-17 16:40:59,806 INFO Outlook COM cache rebuilt successfully.
2025-07-17 16:41:30,144 INFO Scheduler started
2025-07-17 16:41:30,149 INFO Launching via uvicorn.Server
2025-07-17 16:41:30,169 INFO Starting backend service
2025-07-17 16:41:30,170 INFO Outlook COM cache rebuilt successfully.
2025-07-17 16:46:57,364 INFO Scheduler started
2025-07-17 16:46:57,368 INFO Launching via uvicorn.Server
2025-07-17 16:46:57,390 INFO Starting backend service
2025-07-17 16:46:57,390 INFO Outlook COM cache rebuilt successfully.
2025-07-17 19:09:06,199 INFO Scheduler started
2025-07-17 19:09:06,200 INFO Launching via uvicorn.Server
2025-07-17 19:09:06,221 INFO Starting backend service
2025-07-17 19:09:06,222 INFO Outlook COM cache rebuilt successfully.
2025-07-17 19:12:20,428 INFO Scheduler started
2025-07-17 19:12:20,428 INFO Launching via uvicorn.Server
2025-07-17 19:12:20,450 INFO Starting backend service
2025-07-17 19:12:20,451 INFO Outlook COM cache rebuilt successfully.
2025-07-17 19:13:10,403 INFO Scheduler started
2025-07-17 19:13:10,404 INFO Launching via uvicorn.Server
2025-07-17 19:13:10,427 INFO Starting backend service
2025-07-17 19:13:10,428 INFO Outlook COM cache rebuilt successfully.
